1485300939716	geckodriver	INFO	Listening on 127.0.0.1:53529
1485300940715	mozprofile::profile	INFO	Using profile path /tmp/rust_mozprofile.o6FBaos7fkCo
1485300940715	geckodriver::marionette	INFO	Starting browser /usr/bin/firefox
1485300940722	geckodriver::marionette	INFO	Connecting to Marionette on localhost:32950

(firefox:14346): GLib-GObject-CRITICAL **: g_object_ref: assertion 'object->ref_count > 0' failed

(firefox:14346): GLib-GObject-CRITICAL **: g_object_unref: assertion 'object->ref_count > 0' failed

(firefox:14346): GLib-GObject-CRITICAL **: g_object_ref: assertion 'object->ref_count > 0' failed

(firefox:14346): GLib-GObject-CRITICAL **: g_object_unref: assertion 'object->ref_count > 0' failed
1485300941545	Marionette	INFO	Listening on port 32950
*************************
A coding exception was thrown and uncaught in a Task.

Full message: TypeError: NetworkError when attempting to fetch resource.
Full stack: 
*************************
1485301560059	geckodriver	INFO	Listening on 127.0.0.1:36880
1485301561057	mozprofile::profile	INFO	Using profile path /tmp/rust_mozprofile.KUKw4UpeD4Hd
1485301561058	geckodriver::marionette	INFO	Starting browser /usr/bin/firefox
1485301561059	geckodriver::marionette	INFO	Connecting to Marionette on localhost:37439

(firefox:14429): GLib-GObject-CRITICAL **: g_object_ref: assertion 'object->ref_count > 0' failed

(firefox:14429): GLib-GObject-CRITICAL **: g_object_unref: assertion 'object->ref_count > 0' failed

(firefox:14429): GLib-GObject-CRITICAL **: g_object_ref: assertion 'object->ref_count > 0' failed

(firefox:14429): GLib-GObject-CRITICAL **: g_object_unref: assertion 'object->ref_count > 0' failed
1485301561800	Marionette	INFO	Listening on port 37439
1485301590606	geckodriver	INFO	Listening on 127.0.0.1:39703
1485301591606	mozprofile::profile	INFO	Using profile path /tmp/rust_mozprofile.LUnPaGQXdBtS
1485301591607	geckodriver::marionette	INFO	Starting browser /usr/bin/firefox
1485301591610	geckodriver::marionette	INFO	Connecting to Marionette on localhost:35545

(firefox:14497): GLib-GObject-CRITICAL **: g_object_ref: assertion 'object->ref_count > 0' failed

(firefox:14497): GLib-GObject-CRITICAL **: g_object_unref: assertion 'object->ref_count > 0' failed

(firefox:14497): GLib-GObject-CRITICAL **: g_object_ref: assertion 'object->ref_count > 0' failed

(firefox:14497): GLib-GObject-CRITICAL **: g_object_unref: assertion 'object->ref_count > 0' failed
1485301594148	Marionette	INFO	Listening on port 35545
[Parent 14497] WARNING: Failed to launch tab subprocess: file /build/firefox-DPPX3E/firefox-51.0~b14+build1/ipc/glue/GeckoChildProcessHost.cpp, line 574
[Parent 14497] WARNING: pipe error (43): Connection reset by peer: file /build/firefox-DPPX3E/firefox-51.0~b14+build1/ipc/chromium/src/chrome/common/ipc_channel_posix.cc, line 323
[Parent 14497] WARNING: Failed to launch tab subprocess: file /build/firefox-DPPX3E/firefox-51.0~b14+build1/ipc/glue/GeckoChildProcessHost.cpp, line 574
[Parent 14497] WARNING: pipe error (43): Connection reset by peer: file /build/firefox-DPPX3E/firefox-51.0~b14+build1/ipc/chromium/src/chrome/common/ipc_channel_posix.cc, line 323
JavaScript error: chrome://global/content/bindings/remote-browser.xml, line 256: TypeError: frameLoader.tabParent is null
1485301810264	geckodriver	INFO	Listening on 127.0.0.1:45920
1485301811237	mozprofile::profile	INFO	Using profile path /tmp/rust_mozprofile.Zz4dUo9D7FdX
1485301811238	geckodriver::marionette	INFO	Starting browser /usr/bin/firefox
1485301811242	geckodriver::marionette	INFO	Connecting to Marionette on localhost:57140

(firefox:14580): GLib-GObject-CRITICAL **: g_object_ref: assertion 'object->ref_count > 0' failed

(firefox:14580): GLib-GObject-CRITICAL **: g_object_unref: assertion 'object->ref_count > 0' failed

(firefox:14580): GLib-GObject-CRITICAL **: g_object_ref: assertion 'object->ref_count > 0' failed

(firefox:14580): GLib-GObject-CRITICAL **: g_object_unref: assertion 'object->ref_count > 0' failed
1485301831575	Marionette	INFO	Listening on port 57140

(firefox:14429): Gdk-WARNING **: firefox: Fatal IO error 11 (Resource temporarily unavailable) on X server :10.


(firefox:14346): Gdk-WARNING **: firefox: Fatal IO error 11 (Resource temporarily unavailable) on X server :10.

1485368208042	geckodriver	INFO	Listening on 127.0.0.1:37272
1485368209041	mozprofile::profile	INFO	Using profile path /tmp/rust_mozprofile.6b5EHTFsUWVE
1485368209042	geckodriver::marionette	INFO	Starting browser /usr/bin/firefox
1485368209043	geckodriver::marionette	INFO	Connecting to Marionette on localhost:44700

(firefox:15810): GLib-GObject-CRITICAL **: g_object_ref: assertion 'object->ref_count > 0' failed

(firefox:15810): GLib-GObject-CRITICAL **: g_object_unref: assertion 'object->ref_count > 0' failed

(firefox:15810): GLib-GObject-CRITICAL **: g_object_ref: assertion 'object->ref_count > 0' failed

(firefox:15810): GLib-GObject-CRITICAL **: g_object_unref: assertion 'object->ref_count > 0' failed
1485368209658	Marionette	INFO	Listening on port 44700
1485368371446	geckodriver	INFO	Listening on 127.0.0.1:58848
1485368372445	mozprofile::profile	INFO	Using profile path /tmp/rust_mozprofile.KvK3RoTPnVSd
1485368372447	geckodriver::marionette	INFO	Starting browser /usr/bin/firefox
1485368372449	geckodriver::marionette	INFO	Connecting to Marionette on localhost:53108

(firefox:15882): GLib-GObject-CRITICAL **: g_object_ref: assertion 'object->ref_count > 0' failed

(firefox:15882): GLib-GObject-CRITICAL **: g_object_unref: assertion 'object->ref_count > 0' failed

(firefox:15882): GLib-GObject-CRITICAL **: g_object_ref: assertion 'object->ref_count > 0' failed

(firefox:15882): GLib-GObject-CRITICAL **: g_object_unref: assertion 'object->ref_count > 0' failed
1485368373138	Marionette	INFO	Listening on port 53108
1485368590703	geckodriver	INFO	Listening on 127.0.0.1:60732
1485368591702	mozprofile::profile	INFO	Using profile path /tmp/rust_mozprofile.xOh9DKT2sb1W
1485368591703	geckodriver::marionette	INFO	Starting browser /usr/bin/firefox
1485368591707	geckodriver::marionette	INFO	Connecting to Marionette on localhost:36969

(firefox:15949): GLib-GObject-CRITICAL **: g_object_ref: assertion 'object->ref_count > 0' failed

(firefox:15949): GLib-GObject-CRITICAL **: g_object_unref: assertion 'object->ref_count > 0' failed

(firefox:15949): GLib-GObject-CRITICAL **: g_object_ref: assertion 'object->ref_count > 0' failed

(firefox:15949): GLib-GObject-CRITICAL **: g_object_unref: assertion 'object->ref_count > 0' failed
1485368592320	Marionette	INFO	Listening on port 36969
1485368841101	geckodriver	INFO	Listening on 127.0.0.1:36258
1485368842099	mozprofile::profile	INFO	Using profile path /tmp/rust_mozprofile.7r47ruDPhEWT
1485368842099	geckodriver::marionette	INFO	Starting browser /usr/bin/firefox
1485368842104	geckodriver::marionette	INFO	Connecting to Marionette on localhost:54193

(firefox:16035): GLib-GObject-CRITICAL **: g_object_ref: assertion 'object->ref_count > 0' failed

(firefox:16035): GLib-GObject-CRITICAL **: g_object_unref: assertion 'object->ref_count > 0' failed

(firefox:16035): GLib-GObject-CRITICAL **: g_object_ref: assertion 'object->ref_count > 0' failed

(firefox:16035): GLib-GObject-CRITICAL **: g_object_unref: assertion 'object->ref_count > 0' failed
1485368842919	Marionette	INFO	Listening on port 54193
1485369066708	geckodriver	INFO	Listening on 127.0.0.1:39981
1485369067709	mozprofile::profile	INFO	Using profile path /tmp/rust_mozprofile.nXLrT0tYOStG
1485369067710	geckodriver::marionette	INFO	Starting browser /usr/bin/firefox
1485369067712	geckodriver::marionette	INFO	Connecting to Marionette on localhost:41979

(firefox:16119): GLib-GObject-CRITICAL **: g_object_ref: assertion 'object->ref_count > 0' failed

(firefox:16119): GLib-GObject-CRITICAL **: g_object_unref: assertion 'object->ref_count > 0' failed

(firefox:16119): GLib-GObject-CRITICAL **: g_object_ref: assertion 'object->ref_count > 0' failed

(firefox:16119): GLib-GObject-CRITICAL **: g_object_unref: assertion 'object->ref_count > 0' failed
1485369069414	Marionette	INFO	Listening on port 41979
[Child 16178] ###!!! ABORT: Aborting on channel error.: file /build/firefox-DPPX3E/firefox-51.0~b14+build1/ipc/glue/MessageChannel.cpp, line 2056
[Child 16178] ###!!! ABORT: Aborting on channel error.: file /build/firefox-DPPX3E/firefox-51.0~b14+build1/ipc/glue/MessageChannel.cpp, line 2056
*************************
A coding exception was thrown and uncaught in a Task.

Full message: TypeError: NetworkError when attempting to fetch resource.
Full stack: 
*************************
1485369199867	geckodriver	INFO	Listening on 127.0.0.1:39121
1485369200831	mozprofile::profile	INFO	Using profile path /tmp/rust_mozprofile.RNf3DsAgfmtt
1485369200833	geckodriver::marionette	INFO	Starting browser /usr/bin/firefox
1485369200840	geckodriver::marionette	INFO	Connecting to Marionette on localhost:34857

(firefox:16210): GLib-GObject-CRITICAL **: g_object_ref: assertion 'object->ref_count > 0' failed

(firefox:16210): GLib-GObject-CRITICAL **: g_object_unref: assertion 'object->ref_count > 0' failed

(firefox:16210): GLib-GObject-CRITICAL **: g_object_ref: assertion 'object->ref_count > 0' failed

(firefox:16210): GLib-GObject-CRITICAL **: g_object_unref: assertion 'object->ref_count > 0' failed
1485369202235	Marionette	INFO	Listening on port 34857
1485369657757	geckodriver	INFO	Listening on 127.0.0.1:56802
1485369658727	mozprofile::profile	INFO	Using profile path /tmp/rust_mozprofile.gxN7LUgwrGBp
1485369658728	geckodriver::marionette	INFO	Starting browser /usr/bin/firefox
1485369658734	geckodriver::marionette	INFO	Connecting to Marionette on localhost:52797

(firefox:16300): GLib-GObject-CRITICAL **: g_object_ref: assertion 'object->ref_count > 0' failed

(firefox:16300): GLib-GObject-CRITICAL **: g_object_unref: assertion 'object->ref_count > 0' failed

(firefox:16300): GLib-GObject-CRITICAL **: g_object_ref: assertion 'object->ref_count > 0' failed

(firefox:16300): GLib-GObject-CRITICAL **: g_object_unref: assertion 'object->ref_count > 0' failed
1485369660269	Marionette	INFO	Listening on port 52797
[Child 16348] ###!!! ABORT: Aborting on channel error.: file /build/firefox-DPPX3E/firefox-51.0~b14+build1/ipc/glue/MessageChannel.cpp, line 2056
[Child 16348] ###!!! ABORT: Aborting on channel error.: file /build/firefox-DPPX3E/firefox-51.0~b14+build1/ipc/glue/MessageChannel.cpp, line 2056
1485369716354	geckodriver	INFO	Listening on 127.0.0.1:55537
1485369717342	mozprofile::profile	INFO	Using profile path /tmp/rust_mozprofile.MdWTXfEzuGDn
1485369717343	geckodriver::marionette	INFO	Starting browser /usr/bin/firefox
1485369717345	geckodriver::marionette	INFO	Connecting to Marionette on localhost:56462

(firefox:16373): GLib-GObject-CRITICAL **: g_object_ref: assertion 'object->ref_count > 0' failed

(firefox:16373): GLib-GObject-CRITICAL **: g_object_unref: assertion 'object->ref_count > 0' failed

(firefox:16373): GLib-GObject-CRITICAL **: g_object_ref: assertion 'object->ref_count > 0' failed

(firefox:16373): GLib-GObject-CRITICAL **: g_object_unref: assertion 'object->ref_count > 0' failed
1485369718149	Marionette	INFO	Listening on port 56462
*************************
A coding exception was thrown and uncaught in a Task.

Full message: TypeError: NetworkError when attempting to fetch resource.
Full stack: 
*************************
1485370566952	geckodriver	INFO	Listening on 127.0.0.1:47451
1485370567947	mozprofile::profile	INFO	Using profile path /tmp/rust_mozprofile.RBeAvZaUMosH
1485370567947	geckodriver::marionette	INFO	Starting browser /usr/bin/firefox
1485370567952	geckodriver::marionette	INFO	Connecting to Marionette on localhost:35329

(firefox:16471): GLib-GObject-CRITICAL **: g_object_ref: assertion 'object->ref_count > 0' failed

(firefox:16471): GLib-GObject-CRITICAL **: g_object_unref: assertion 'object->ref_count > 0' failed

(firefox:16471): GLib-GObject-CRITICAL **: g_object_ref: assertion 'object->ref_count > 0' failed

(firefox:16471): GLib-GObject-CRITICAL **: g_object_unref: assertion 'object->ref_count > 0' failed
1485370568669	Marionette	INFO	Listening on port 35329

(/usr/lib/firefox/plugin-container:16514): GLib-GObject-CRITICAL **: g_object_ref: assertion 'object->ref_count > 0' failed

(/usr/lib/firefox/plugin-container:16514): GLib-GObject-CRITICAL **: g_object_unref: assertion 'object->ref_count > 0' failed

(/usr/lib/firefox/plugin-container:16514): GLib-GObject-CRITICAL **: g_object_ref: assertion 'object->ref_count > 0' failed

(/usr/lib/firefox/plugin-container:16514): GLib-GObject-CRITICAL **: g_object_unref: assertion 'object->ref_count > 0' failed
*************************
A coding exception was thrown and uncaught in a Task.

Full message: TypeError: NetworkError when attempting to fetch resource.
Full stack: 
*************************
[Child 16514] ###!!! ABORT: Aborting on channel error.: file /build/firefox-DPPX3E/firefox-51.0~b14+build1/ipc/glue/MessageChannel.cpp, line 2056
[Child 16514] ###!!! ABORT: Aborting on channel error.: file /build/firefox-DPPX3E/firefox-51.0~b14+build1/ipc/glue/MessageChannel.cpp, line 2056
1485453736647	geckodriver	INFO	Listening on 127.0.0.1:40328
1485453737611	mozprofile::profile	INFO	Using profile path /tmp/rust_mozprofile.wmVzeXfXkfz5
1485453737611	geckodriver::marionette	INFO	Starting browser /usr/bin/firefox
1485453737614	geckodriver::marionette	INFO	Connecting to Marionette on localhost:35134
Error: GDK_BACKEND does not match available displays
1485453860289	geckodriver	INFO	Listening on 127.0.0.1:44565
1485453861288	mozprofile::profile	INFO	Using profile path /tmp/rust_mozprofile.YMzhB0CWMqsZ
1485453861288	geckodriver::marionette	INFO	Starting browser /usr/bin/firefox
1485453861291	geckodriver::marionette	INFO	Connecting to Marionette on localhost:45457
Error: GDK_BACKEND does not match available displays
1485454292740	geckodriver	INFO	Listening on 127.0.0.1:34244
1485454293739	mozprofile::profile	INFO	Using profile path /tmp/rust_mozprofile.aMlWzyNqLlZF
1485454293740	geckodriver::marionette	INFO	Starting browser /usr/bin/firefox
1485454293742	geckodriver::marionette	INFO	Connecting to Marionette on localhost:39732

(firefox:2098): GLib-GObject-CRITICAL **: g_object_ref: assertion 'object->ref_count > 0' failed

(firefox:2098): GLib-GObject-CRITICAL **: g_object_unref: assertion 'object->ref_count > 0' failed

(firefox:2098): GLib-GObject-CRITICAL **: g_object_ref: assertion 'object->ref_count > 0' failed

(firefox:2098): GLib-GObject-CRITICAL **: g_object_unref: assertion 'object->ref_count > 0' failed
1485454294342	Marionette	INFO	Listening on port 39732
1485454742286	geckodriver	INFO	Listening on 127.0.0.1:33760
1485454743285	mozprofile::profile	INFO	Using profile path /tmp/rust_mozprofile.eu1UOJymPv8f
1485454743286	geckodriver::marionette	INFO	Starting browser /usr/bin/firefox
1485454743287	geckodriver::marionette	INFO	Connecting to Marionette on localhost:51171

(firefox:2195): GLib-GObject-CRITICAL **: g_object_ref: assertion 'object->ref_count > 0' failed

(firefox:2195): GLib-GObject-CRITICAL **: g_object_unref: assertion 'object->ref_count > 0' failed

(firefox:2195): GLib-GObject-CRITICAL **: g_object_ref: assertion 'object->ref_count > 0' failed

(firefox:2195): GLib-GObject-CRITICAL **: g_object_unref: assertion 'object->ref_count > 0' failed
1485454744004	Marionette	INFO	Listening on port 51171
*************************
A coding exception was thrown and uncaught in a Task.

Full message: TypeError: NetworkError when attempting to fetch resource.
Full stack: 
*************************
*************************
A coding exception was thrown and uncaught in a Task.

Full message: TypeError: NetworkError when attempting to fetch resource.
Full stack: 
*************************
1485455872250	geckodriver	INFO	Listening on 127.0.0.1:34135
1485455873246	mozprofile::profile	INFO	Using profile path /tmp/rust_mozprofile.EN57gyUSQwha
1485455873247	geckodriver::marionette	INFO	Starting browser /usr/bin/firefox
1485455873248	geckodriver::marionette	INFO	Connecting to Marionette on localhost:46035

(firefox:2310): GLib-GObject-CRITICAL **: g_object_ref: assertion 'object->ref_count > 0' failed

(firefox:2310): GLib-GObject-CRITICAL **: g_object_unref: assertion 'object->ref_count > 0' failed

(firefox:2310): GLib-GObject-CRITICAL **: g_object_ref: assertion 'object->ref_count > 0' failed

(firefox:2310): GLib-GObject-CRITICAL **: g_object_unref: assertion 'object->ref_count > 0' failed
1485455874273	Marionette	INFO	Listening on port 46035
1485456181801	geckodriver	INFO	Listening on 127.0.0.1:59746
1485456182766	mozprofile::profile	INFO	Using profile path /tmp/rust_mozprofile.Jl6iATfkSD59
1485456182768	geckodriver::marionette	INFO	Starting browser /usr/bin/firefox
1485456182770	geckodriver::marionette	INFO	Connecting to Marionette on localhost:55983

(firefox:2374): GLib-GObject-CRITICAL **: g_object_ref: assertion 'object->ref_count > 0' failed

(firefox:2374): GLib-GObject-CRITICAL **: g_object_unref: assertion 'object->ref_count > 0' failed

(firefox:2374): GLib-GObject-CRITICAL **: g_object_ref: assertion 'object->ref_count > 0' failed

(firefox:2374): GLib-GObject-CRITICAL **: g_object_unref: assertion 'object->ref_count > 0' failed
1485456184338	Marionette	INFO	Listening on port 55983
1485456290780	geckodriver	INFO	Listening on 127.0.0.1:44615
1485456291770	mozprofile::profile	INFO	Using profile path /tmp/rust_mozprofile.PpeEHB1LIjL7
1485456291770	geckodriver::marionette	INFO	Starting browser /usr/bin/firefox
1485456291773	geckodriver::marionette	INFO	Connecting to Marionette on localhost:34711

(firefox:2444): GLib-GObject-CRITICAL **: g_object_ref: assertion 'object->ref_count > 0' failed

(firefox:2444): GLib-GObject-CRITICAL **: g_object_unref: assertion 'object->ref_count > 0' failed

(firefox:2444): GLib-GObject-CRITICAL **: g_object_ref: assertion 'object->ref_count > 0' failed

(firefox:2444): GLib-GObject-CRITICAL **: g_object_unref: assertion 'object->ref_count > 0' failed
1485456292671	Marionette	INFO	Listening on port 34711
1485456706236	geckodriver	INFO	Listening on 127.0.0.1:52544
1485456707234	mozprofile::profile	INFO	Using profile path /tmp/rust_mozprofile.EUEHESCx1s5x
1485456707235	geckodriver::marionette	INFO	Starting browser /usr/bin/firefox
1485456707237	geckodriver::marionette	INFO	Connecting to Marionette on localhost:51449

(firefox:2520): GLib-GObject-CRITICAL **: g_object_ref: assertion 'object->ref_count > 0' failed

(firefox:2520): GLib-GObject-CRITICAL **: g_object_unref: assertion 'object->ref_count > 0' failed

(firefox:2520): GLib-GObject-CRITICAL **: g_object_ref: assertion 'object->ref_count > 0' failed

(firefox:2520): GLib-GObject-CRITICAL **: g_object_unref: assertion 'object->ref_count > 0' failed
1485456707841	Marionette	ERROR	Error on starting server: [Exception... "Component returned failure code: 0x804b0036 (NS_ERROR_SOCKET_ADDRESS_IN_USE) [nsIServerSocket.initSpecialConnection]"  nsresult: "0x804b0036 (NS_ERROR_SOCKET_ADDRESS_IN_USE)"  location: "JS frame :: chrome://marionette/content/server.js :: MarionetteServer.prototype.start :: line 85"  data: no]
[Exception... "Component returned failure code: 0x804b0036 (NS_ERROR_SOCKET_ADDRESS_IN_USE) [nsIServerSocket.initSpecialConnection]"  nsresult: "0x804b0036 (NS_ERROR_SOCKET_ADDRESS_IN_USE)"  location: "JS frame :: chrome://marionette/content/server.js :: MarionetteServer.prototype.start :: line 85"  data: no]
MarionetteServer.prototype.start@chrome://marionette/content/server.js:85:19
MarionetteComponent.prototype.init@resource://gre/components/marionette.js:218:5
MarionetteComponent.prototype.observe@resource://gre/components/marionette.js:142:7

1485456844087	geckodriver	INFO	Listening on 127.0.0.1:44128
1485456845085	mozprofile::profile	INFO	Using profile path /tmp/rust_mozprofile.YDlp30yNYAkS
1485456845086	geckodriver::marionette	INFO	Starting browser /usr/bin/firefox
1485456845089	geckodriver::marionette	INFO	Connecting to Marionette on localhost:45332

(firefox:2580): GLib-GObject-CRITICAL **: g_object_ref: assertion 'object->ref_count > 0' failed

(firefox:2580): GLib-GObject-CRITICAL **: g_object_unref: assertion 'object->ref_count > 0' failed

(firefox:2580): GLib-GObject-CRITICAL **: g_object_ref: assertion 'object->ref_count > 0' failed

(firefox:2580): GLib-GObject-CRITICAL **: g_object_unref: assertion 'object->ref_count > 0' failed
1485456845698	Marionette	INFO	Listening on port 45332

(/usr/lib/firefox/plugin-container:2623): GLib-GObject-CRITICAL **: g_object_ref: assertion 'object->ref_count > 0' failed

(/usr/lib/firefox/plugin-container:2623): GLib-GObject-CRITICAL **: g_object_unref: assertion 'object->ref_count > 0' failed

(/usr/lib/firefox/plugin-container:2623): GLib-GObject-CRITICAL **: g_object_ref: assertion 'object->ref_count > 0' failed

(/usr/lib/firefox/plugin-container:2623): GLib-GObject-CRITICAL **: g_object_unref: assertion 'object->ref_count > 0' failed
